{"name": "test_successful_withdrawl_potter[chrome]", "status": "failed", "statusDetails": {"message": "AssertionError: assert None == 'Transaction successful'", "trace": "self = <test_bankxyz.test_check.TestBankChecks object at 0x000002A5E564EEA0>\nbrowser = <selenium.webdriver.chrome.webdriver.WebDriver (session=\"d0aac9d87b54b32c089a4113203b16ec\")>\nselenium_action = <config.action.SeleniumAction object at 0x000002A5E569E270>\nlogin_bank_customer = <function login_bank_customer.<locals>.login_bank_customer_function at 0x000002A5E56A6160>\nlogin_bank_potter = <function login_bank_potter.<locals>.login_bank_potter_function at 0x000002A5E5662F20>\ndeposit = <function deposit.<locals>.deposit_function at 0x000002A5E5663060>\nwithdrawl = <function withdrawl.<locals>.withdrawl_function at 0x000002A5E5662FC0>\n\n    def test_successful_withdrawl_potter(self, browser, selenium_action, login_bank_customer, login_bank_potter,\n                                         deposit, withdrawl):\n        \"\"\"Проверка списания средств\"\"\"\n        login_bank_customer()\n        login_bank_potter()\n        deposit()\n        withdrawl()\n        selenium_action.action_wait_on_page(1000)\n        successful_text = selenium_action.action_get_text(locator_message_successful)\n>       assert successful_text == \"Transaction successful\"\nE       AssertionError: assert None == 'Transaction successful'\n\ntest_check.py:71: AssertionError"}, "description": "Проверка списания средств", "attachments": [{"name": "screenshot_login", "source": "e3587b79-e290-45b8-ad07-8ed0c6a0aaac-attachment.png", "type": "image/png"}, {"name": "screenshot_login", "source": "5dce3fd9-1b6f-4ee1-9240-37c2132c34f1-attachment.png", "type": "image/png"}, {"name": "screenshot_login", "source": "601c59d1-3028-4ff8-9e51-3eefb8404c72-attachment.png", "type": "image/png"}, {"name": "screenshot_login", "source": "23cca393-852e-4791-b87b-1fd5eb7ae12f-attachment.png", "type": "image/png"}, {"name": "stdout", "source": "abab9145-bd83-448e-b23b-e4425ae6a67a-attachment.txt", "type": "text/plain"}], "parameters": [{"name": "browser", "value": "'chrome'"}], "start": 1712324330484, "stop": 1712324349636, "uuid": "5b8ac669-8879-49e9-bebd-886bbd5c5deb", "historyId": "349b54644717759c0af2117e73f92bb4", "testCaseId": "b9174a0f1f6addc1d59e4afffe119c70", "fullName": "test_check.TestBankChecks#test_successful_withdrawl_potter", "labels": [{"name": "suite", "value": "test_check"}, {"name": "subSuite", "value": "TestBankChecks"}, {"name": "host", "value": "LAPTOP-6MOGAKOT"}, {"name": "thread", "value": "11812-MainThread"}, {"name": "framework", "value": "pytest"}, {"name": "language", "value": "cpython3"}, {"name": "package", "value": "test_check"}]}